# JRE version: Java(TM) SE Runtime Environment (8.0_20-b26) (build 1.8.0_20-b26)
# Java VM: Java HotSpot(TM) 64-Bit Server VM (25.20-b23 mixed mode windows-amd64 compressed oops)
Heap:
 PSYoungGen      total 7168K, used 4770K [0x00000000eb400000, 0x00000000ec500000, 0x0000000100000000)
  eden space 5632K, 57% used [0x00000000eb400000,0x00000000eb72dc80,0x00000000eb980000)
  from space 1536K, 98% used [0x00000000eb980000,0x00000000ebafad88,0x00000000ebb00000)
  to   space 3072K, 0% used [0x00000000ec200000,0x00000000ec200000,0x00000000ec500000)
 ParOldGen       total 5632K, used 3372K [0x00000000c1c00000, 0x00000000c2180000, 0x00000000eb400000)
  object space 5632K, 59% used [0x00000000c1c00000,0x00000000c1f4b290,0x00000000c2180000)
 Metaspace       used 7342K, capacity 8180K, committed 8448K, reserved 1056768K
  class space    used 891K, capacity 944K, committed 1024K, reserved 1048576K
GC Heap History (10 events):
Event: 1.305 GC heap before
{Heap before GC invocations=3 (full 0):
 PSYoungGen      total 2048K, used 2032K [0x00000000eb400000, 0x00000000eb680000, 0x0000000100000000)
  eden space 1536K, 100% used [0x00000000eb400000,0x00000000eb580000,0x00000000eb580000)
  from space 512K, 96% used [0x00000000eb600000,0x00000000eb67c010,0x00000000eb680000)
  to   space 512K, 0% used [0x00000000eb580000,0x00000000eb580000,0x00000000eb600000)
 ParOldGen       total 5632K, used 232K [0x00000000c1c00000, 0x00000000c2180000, 0x00000000eb400000)
  object space 5632K, 4% used [0x00000000c1c00000,0x00000000c1c3a000,0x00000000c2180000)
 Metaspace       used 4430K, capacity 5772K, committed 6016K, reserved 1056768K
  class space    used 541K, capacity 584K, committed 640K, reserved 1048576K
Event: 1.306 GC heap after
Heap after GC invocations=3 (full 0):
 PSYoungGen      total 2048K, used 480K [0x00000000eb400000, 0x00000000eb800000, 0x0000000100000000)
  eden space 1536K, 0% used [0x00000000eb400000,0x00000000eb400000,0x00000000eb580000)
  from space 512K, 93% used [0x00000000eb580000,0x00000000eb5f8020,0x00000000eb600000)
  to   space 512K, 0% used [0x00000000eb780000,0x00000000eb780000,0x00000000eb800000)
 ParOldGen       total 5632K, used 648K [0x00000000c1c00000, 0x00000000c2180000, 0x00000000eb400000)
  object space 5632K, 11% used [0x00000000c1c00000,0x00000000c1ca2020,0x00000000c2180000)
 Metaspace       used 4430K, capacity 5772K, committed 6016K, reserved 1056768K
  class space    used 541K, capacity 584K, committed 640K, reserved 1048576K
}
Event: 1.370 GC heap before
{Heap before GC invocations=4 (full 0):
 PSYoungGen      total 2048K, used 1982K [0x00000000eb400000, 0x00000000eb800000, 0x0000000100000000)
  eden space 1536K, 97% used [0x00000000eb400000,0x00000000eb577950,0x00000000eb580000)
  from space 512K, 93% used [0x00000000eb580000,0x00000000eb5f8020,0x00000000eb600000)
  to   space 512K, 0% used [0x00000000eb780000,0x00000000eb780000,0x00000000eb800000)
 ParOldGen       total 5632K, used 648K [0x00000000c1c00000, 0x00000000c2180000, 0x00000000eb400000)
  object space 5632K, 11% used [0x00000000c1c00000,0x00000000c1ca2020,0x00000000c2180000)
 Metaspace       used 4893K, capacity 6220K, committed 6400K, reserved 1056768K
  class space    used 600K, capacity 648K, committed 768K, reserved 1048576K
Event: 1.371 GC heap after
Heap after GC invocations=4 (full 0):
 PSYoungGen      total 3584K, used 511K [0x00000000eb400000, 0x00000000eb800000, 0x0000000100000000)
  eden space 3072K, 0% used [0x00000000eb400000,0x00000000eb400000,0x00000000eb700000)
  from space 512K, 99% used [0x00000000eb780000,0x00000000eb7ffc10,0x00000000eb800000)
  to   space 512K, 0% used [0x00000000eb700000,0x00000000eb700000,0x00000000eb780000)
 ParOldGen       total 5632K, used 744K [0x00000000c1c00000, 0x00000000c2180000, 0x00000000eb400000)
  object space 5632K, 13% used [0x00000000c1c00000,0x00000000c1cba040,0x00000000c2180000)
 Metaspace       used 4893K, capacity 6220K, committed 6400K, reserved 1056768K
  class space    used 600K, capacity 648K, committed 768K, reserved 1048576K
}
Event: 1.523 GC heap before
{Heap before GC invocations=5 (full 0):
 PSYoungGen      total 3584K, used 3583K [0x00000000eb400000, 0x00000000eb800000, 0x0000000100000000)
  eden space 3072K, 100% used [0x00000000eb400000,0x00000000eb700000,0x00000000eb700000)
  from space 512K, 99% used [0x00000000eb780000,0x00000000eb7ffc10,0x00000000eb800000)
  to   space 512K, 0% used [0x00000000eb700000,0x00000000eb700000,0x00000000eb780000)
 ParOldGen       total 5632K, used 744K [0x00000000c1c00000, 0x00000000c2180000, 0x00000000eb400000)
  object space 5632K, 13% used [0x00000000c1c00000,0x00000000c1cba040,0x00000000c2180000)
 Metaspace       used 5990K, capacity 7180K, committed 7552K, reserved 1056768K
  class space    used 747K, capacity 776K, committed 896K, reserved 1048576K
Event: 1.524 GC heap after
Heap after GC invocations=5 (full 0):
 PSYoungGen      total 3584K, used 512K [0x00000000eb400000, 0x00000000ebc00000, 0x0000000100000000)
  eden space 3072K, 0% used [0x00000000eb400000,0x00000000eb400000,0x00000000eb700000)
  from space 512K, 100% used [0x00000000eb700000,0x00000000eb780000,0x00000000eb780000)
  to   space 1024K, 0% used [0x00000000ebb00000,0x00000000ebb00000,0x00000000ebc00000)
 ParOldGen       total 5632K, used 1032K [0x00000000c1c00000, 0x00000000c2180000, 0x00000000eb400000)
  object space 5632K, 18% used [0x00000000c1c00000,0x00000000c1d02040,0x00000000c2180000)
 Metaspace       used 5990K, capacity 7180K, committed 7552K, reserved 1056768K
  class space    used 747K, capacity 776K, committed 896K, reserved 1048576K
}
Event: 1.924 GC heap before
{Heap before GC invocations=6 (full 0):
 PSYoungGen      total 3584K, used 3434K [0x00000000eb400000, 0x00000000ebc00000, 0x0000000100000000)
  eden space 3072K, 95% used [0x00000000eb400000,0x00000000eb6da920,0x00000000eb700000)
  from space 512K, 100% used [0x00000000eb700000,0x00000000eb780000,0x00000000eb780000)
  to   space 1024K, 0% used [0x00000000ebb00000,0x00000000ebb00000,0x00000000ebc00000)
 ParOldGen       total 5632K, used 1032K [0x00000000c1c00000, 0x00000000c2180000, 0x00000000eb400000)
  object space 5632K, 18% used [0x00000000c1c00000,0x00000000c1d02040,0x00000000c2180000)
 Metaspace       used 7226K, capacity 8084K, committed 8448K, reserved 1056768K
  class space    used 881K, capacity 912K, committed 1024K, reserved 1048576K
Event: 1.929 GC heap after
Heap after GC invocations=6 (full 0):
 PSYoungGen      total 6656K, used 1024K [0x00000000eb400000, 0x00000000ebd00000, 0x0000000100000000)
  eden space 5632K, 0% used [0x00000000eb400000,0x00000000eb400000,0x00000000eb980000)
  from space 1024K, 100% used [0x00000000ebb00000,0x00000000ebc00000,0x00000000ebc00000)
  to   space 1536K, 0% used [0x00000000eb980000,0x00000000eb980000,0x00000000ebb00000)
 ParOldGen       total 5632K, used 1244K [0x00000000c1c00000, 0x00000000c2180000, 0x00000000eb400000)
  object space 5632K, 22% used [0x00000000c1c00000,0x00000000c1d37240,0x00000000c2180000)
 Metaspace       used 7226K, capacity 8084K, committed 8448K, reserved 1056768K
  class space    used 881K, capacity 912K, committed 1024K, reserved 1048576K
}
Event: 2.085 GC heap before
{Heap before GC invocations=7 (full 0):
 PSYoungGen      total 6656K, used 6210K [0x00000000eb400000, 0x00000000ebd00000, 0x0000000100000000)
  eden space 5632K, 92% used [0x00000000eb400000,0x00000000eb9108d8,0x00000000eb980000)
  from space 1024K, 100% used [0x00000000ebb00000,0x00000000ebc00000,0x00000000ebc00000)
  to   space 1536K, 0% used [0x00000000eb980000,0x00000000eb980000,0x00000000ebb00000)
 ParOldGen       total 5632K, used 1244K [0x00000000c1c00000, 0x00000000c2180000, 0x00000000eb400000)
  object space 5632K, 22% used [0x00000000c1c00000,0x00000000c1d37240,0x00000000c2180000)
 Metaspace       used 7242K, capacity 8084K, committed 8448K, reserved 1056768K
  class space    used 881K, capacity 912K, committed 1024K, reserved 1048576K
Event: 2.090 GC heap after
Heap after GC invocations=7 (full 0):
 PSYoungGen      total 7168K, used 1515K [0x00000000eb400000, 0x00000000ec500000, 0x0000000100000000)
  eden space 5632K, 0% used [0x00000000eb400000,0x00000000eb400000,0x00000000eb980000)
  from space 1536K, 98% used [0x00000000eb980000,0x00000000ebafad88,0x00000000ebb00000)
  to   space 3072K, 0% used [0x00000000ec200000,0x00000000ec200000,0x00000000ec500000)
 ParOldGen       total 5632K, used 3372K [0x00000000c1c00000, 0x00000000c2180000, 0x00000000eb400000)
  object space 5632K, 59% used [0x00000000c1c00000,0x00000000c1f4b290,0x00000000c2180000)
 Metaspace       used 7242K, capacity 8084K, committed 8448K, reserved 1056768K
  class space    used 881K, capacity 912K, committed 1024K, reserved 1048576K
}

